2017/12/18 06:31:58  [NORMAL]:   Case Identifier:
2017/12/18 06:31:58  [LIST]:     [-] [GoCollaborateStandardCase]
2017/12/18 06:31:58  [NORMAL]:   Cards:
2017/12/18 06:31:58  [LIST]:     [-] [192.168.0.11:57851 Alive Seed]
2017/12/18 06:31:58  [NORMAL]:   Local:
2017/12/18 06:31:58  [LIST]:     [-] [10.13.127.141:57851 Alive Seed]
2017/12/18 06:31:58  [NORMAL]:   Job Linked:
2017/12/18 06:31:58  [LIST]:     [-] [/core/ExampleJobHandler]
2017/12/18 06:32:15  [PROGRESS]: Waiting for task responses[0/3]
2017/12/18 06:32:15  [NORMAL]:   Worker7:, Task Level:0
2017/12/18 06:32:15  [NORMAL]:   Worker5:, Task Level:0
2017/12/18 06:32:15  [NORMAL]:   Worker4:, Task Level:0
2017/12/18 06:32:15  [PROGRESS]: Waiting for task responses[1/3]
2017/12/18 06:32:15  [PROGRESS]: Waiting for task responses[2/3]
2017/12/18 06:32:15  [PROGRESS]: Waiting for task responses[3/3]
2017/12/18 06:32:15  [PROGRESS]: All task responses collected
017/12/15 09:45:04  [LIST]:     [-] [192.168.0.11:57851 Alive Seed]
2017/12/15 09:48:04  [LIST]:     [-] [192.168.0.11:57851 Alive Seed]
2017/12/15 09:51:05  [LIST]:     [-] [192.168.0.11:57851 Alive Seed]
/12/15 09:38:20  [NORMAL]:   Worker5:, Task Level:0
2017/12/15 09:38:20  [NORMAL]:   Worker6:, Task Level:0
2017/12/15 09:38:20  [NORMAL]:   Worker0:, Task Level:0
2017/12/15 09:38:20  [PROGRESS]: Waiting for task responses[1/3]
2017/12/15 09:38:20  [PROGRESS]: Waiting for task responses[2/3]
2017/12/15 09:38:20  [PROGRESS]: Waiting for task responses[3/3]
2017/12/15 09:38:20  [PROGRESS]: All task responses collected
sk responses[3/3]
2017/11/20 13:41:10  [PROGRESS]: All task responses collected
