2017/10/05 13:30:22  [NORMAL]:   Case Identifier:
2017/10/05 13:30:22  [LIST]:     [-] [GoCollaborateStandardCase]
2017/10/05 13:30:22  [NORMAL]:   Local Address:
2017/10/05 13:30:22  [LIST]:     [-] [192.168.1.102]
2017/10/05 13:30:22  [NORMAL]:   Job Linked:
2017/10/05 13:30:22  [LIST]:     [-] [/core/ExampleJobHandler01]
2017/10/05 13:30:22  [NORMAL]:   Job Linked:
2017/10/05 13:30:22  [LIST]:     [-] [/core/ExampleJobHandler02]
2017/10/05 13:30:26  [PROGRESS]: Waiting for task responses[0/5]
2017/10/05 13:30:26  [NORMAL]:   Worker9:, Task Level:0
2017/10/05 13:30:26  [NORMAL]:   Worker9:, Task Level:0
2017/10/05 13:30:26  [NORMAL]:   Worker9:, Task Level:0
2017/10/05 13:30:26  [NORMAL]:   Worker9:, Task Level:0
2017/10/05 13:30:26  [NORMAL]:   Worker9:, Task Level:0
2017/10/05 13:30:26  [PROGRESS]: Waiting for task responses[1/5]
2017/10/05 13:30:26  [PROGRESS]: Waiting for task responses[2/5]
2017/10/05 13:30:26  [PROGRESS]: Waiting for task responses[3/5]
2017/10/05 13:30:26  [PROGRESS]: Waiting for task responses[4/5]
2017/10/05 13:30:26  [PROGRESS]: Waiting for task responses[5/5]
2017/10/05 13:30:26  [PROGRESS]: All task responses collected
2017/10/05 13:30:26  [PROGRESS]: Waiting for task responses[0/15]
2017/10/05 13:30:26  [NORMAL]:   Worker9:, Task Level:0
2017/10/05 13:30:26  [NORMAL]:   Worker3:, Task Level:0
2017/10/05 13:30:26  [NORMAL]:   Worker9:, Task Level:0
2017/10/05 13:30:26  [PROGRESS]: Waiting for task responses[1/15]
2017/10/05 13:30:26  [NORMAL]:   Worker3:, Task Level:0
2017/10/05 13:30:26  [NORMAL]:   Worker9:, Task Level:0
2017/10/05 13:30:26  [NORMAL]:   Worker3:, Task Level:0
2017/10/05 13:30:26  [NORMAL]:   Worker9:, Task Level:0
2017/10/05 13:30:26  [NORMAL]:   Worker3:, Task Level:0
2017/10/05 13:30:26  [NORMAL]:   Worker1:, Task Level:0
2017/10/05 13:30:26  [NORMAL]:   Worker3:, Task Level:0
2017/10/05 13:30:26  [NORMAL]:   Worker0:, Task Level:0
2017/10/05 13:30:26  [NORMAL]:   Worker9:, Task Level:0
2017/10/05 13:30:26  [NORMAL]:   Worker4:, Task Level:0
2017/10/05 13:30:26  [PROGRESS]: Waiting for task responses[2/15]
2017/10/05 13:30:26  [PROGRESS]: Waiting for task responses[3/15]
2017/10/05 13:30:26  [PROGRESS]: Waiting for task responses[4/15]
2017/10/05 13:30:26  [PROGRESS]: Waiting for task responses[5/15]
2017/10/05 13:30:26  [PROGRESS]: Waiting for task responses[6/15]
2017/10/05 13:30:26  [PROGRESS]: Waiting for task responses[7/15]
2017/10/05 13:30:26  [PROGRESS]: Waiting for task responses[8/15]
2017/10/05 13:30:26  [NORMAL]:   Worker3:, Task Level:0
2017/10/05 13:30:26  [NORMAL]:   Worker8:, Task Level:0
2017/10/05 13:30:26  [PROGRESS]: Waiting for task responses[9/15]
2017/10/05 13:30:26  [PROGRESS]: Waiting for task responses[10/15]
2017/10/05 13:30:26  [PROGRESS]: Waiting for task responses[11/15]
2017/10/05 13:30:26  [PROGRESS]: Waiting for task responses[12/15]
2017/10/05 13:30:26  [PROGRESS]: Waiting for task responses[13/15]
2017/10/05 13:30:26  [PROGRESS]: Waiting for task responses[14/15]
2017/10/05 13:30:26  [PROGRESS]: Waiting for task responses[15/15]
2017/10/05 13:30:26  [PROGRESS]: All task responses collected
2017/10/05 13:30:26  [PROGRESS]: Waiting for task responses[0/5]
2017/10/05 13:30:26  [NORMAL]:   Worker1:, Task Level:0
2017/10/05 13:30:26  [NORMAL]:   Worker0:, Task Level:0
2017/10/05 13:30:26  [NORMAL]:   Worker4:, Task Level:0
2017/10/05 13:30:26  [PROGRESS]: Waiting for task responses[1/5]
2017/10/05 13:30:26  [NORMAL]:   Worker7:, Task Level:0
2017/10/05 13:30:26  [NORMAL]:   Worker3:, Task Level:0
2017/10/05 13:30:26  [PROGRESS]: Waiting for task responses[2/5]
2017/10/05 13:30:26  [PROGRESS]: Waiting for task responses[3/5]
2017/10/05 13:30:26  [PROGRESS]: Waiting for task responses[4/5]
2017/10/05 13:30:26  [PROGRESS]: Waiting for task responses[5/5]
2017/10/05 13:30:26  [PROGRESS]: All task responses collected
GRESS]: Waiting for task responses[7/9]
2017/10/05 13:11:08  [PROGRESS]: Waiting for task responses[8/9]
2017/10/05 13:11:08  [PROGRESS]: Waiting for task responses[9/9]
2017/10/05 13:11:08  [PROGRESS]: All task responses collected
